2016-12-11 00:10:44,880 - __main__ - INFO - Log start!
2016-12-11 00:10:45,277 - __main__ - INFO - Log start!
2016-12-11 00:10:51,604 - __main__ - INFO - get detail of order NO. 135
2016-12-11 00:11:47,256 - __main__ - INFO - Log start!
2016-12-11 00:11:47,343 - __main__ - INFO - get detail of order NO. 135
2016-12-11 00:11:49,710 - __main__ - INFO - Log start!
2016-12-11 00:11:50,119 - __main__ - INFO - Log start!
2016-12-11 00:11:51,777 - __main__ - INFO - get detail of order NO. 135
2016-12-11 00:12:00,197 - __main__ - INFO - get detail of order NO. 136
2016-12-11 00:12:05,375 - __main__ - INFO - get detail of order NO. 136
2016-12-11 00:12:10,887 - __main__ - INFO - get detail of order NO. 136
2016-12-11 00:12:16,207 - __main__ - INFO - get detail of order NO. 136
2016-12-11 00:12:21,804 - __main__ - INFO - get detail of order NO. 136
2016-12-11 00:12:25,718 - __main__ - INFO - get detail of order NO. 136
2016-12-11 00:12:30,845 - __main__ - INFO - get detail of order NO. 136
2016-12-11 00:12:36,189 - __main__ - INFO - get detail of order NO. 136
2016-12-11 00:12:40,847 - __main__ - INFO - get detail of order NO. 136
2016-12-11 00:12:45,369 - __main__ - INFO - get detail of order NO. 136
2016-12-11 00:12:49,996 - __main__ - INFO - get detail of order NO. 137
2016-12-11 00:12:55,919 - __main__ - INFO - get detail of order NO. 137
2016-12-11 00:12:57,407 - __main__ - INFO - get detail of order NO. 137
2016-12-11 00:12:57,410 - __main__ - INFO - get detail of order NO. 136
2016-12-11 00:12:57,413 - __main__ - INFO - get detail of order NO. 135
2016-12-11 00:12:57,415 - __main__ - INFO - get detail of order NO. 134
2016-12-11 00:12:58,905 - __main__ - INFO - get detail of order NO. 137
2016-12-11 00:12:58,908 - __main__ - INFO - get detail of order NO. 136
2016-12-11 00:12:58,910 - __main__ - INFO - get detail of order NO. 135
2016-12-11 00:12:58,912 - __main__ - INFO - get detail of order NO. 134
2016-12-11 00:13:03,236 - __main__ - INFO - uid: 25 logout
2016-12-12 02:01:37,166 - __main__ - INFO - Log start!
2016-12-12 02:01:58,010 - __main__ - INFO - Log start!
2016-12-12 02:02:24,932 - __main__ - INFO - Log start!
2016-12-12 02:02:26,169 - __main__ - INFO - Log start!
2016-12-12 02:02:49,434 - __main__ - INFO - register success with used name: aset
2016-12-12 02:02:54,993 - __main__ - INFO - login success with user name: aset, password: aset
2016-12-12 02:02:57,651 - __main__ - INFO - get detail of order NO. 138
2016-12-12 02:03:03,093 - __main__ - INFO - get detail of order NO. 138
2016-12-12 02:03:08,089 - __main__ - INFO - get detail of order NO. 138
2016-12-12 02:03:13,088 - __main__ - INFO - get detail of order NO. 138
2016-12-12 02:03:18,087 - __main__ - INFO - get detail of order NO. 138
2016-12-12 02:03:23,088 - __main__ - INFO - get detail of order NO. 138
2016-12-12 02:03:29,102 - __main__ - INFO - get detail of order NO. 138
2016-12-12 02:03:34,923 - __main__ - INFO - get detail of order NO. 138
2016-12-12 02:03:38,215 - __main__ - INFO - get detail of order NO. 138
2016-12-12 02:03:43,087 - __main__ - INFO - get detail of order NO. 138
2016-12-12 02:03:48,086 - __main__ - INFO - get detail of order NO. 138
2016-12-12 02:03:53,087 - __main__ - INFO - get detail of order NO. 138
2016-12-12 02:03:58,087 - __main__ - INFO - get detail of order NO. 138
2016-12-12 02:04:03,087 - __main__ - INFO - get detail of order NO. 138
2016-12-12 02:04:08,086 - __main__ - INFO - get detail of order NO. 138
2016-12-12 02:04:13,086 - __main__ - INFO - get detail of order NO. 138
2016-12-12 02:04:18,085 - __main__ - INFO - get detail of order NO. 138
2016-12-12 02:04:23,086 - __main__ - INFO - get detail of order NO. 138
2016-12-12 02:04:28,087 - __main__ - INFO - get detail of order NO. 138
2016-12-12 02:04:33,085 - __main__ - INFO - get detail of order NO. 138
2016-12-12 02:04:38,085 - __main__ - INFO - get detail of order NO. 138
2016-12-12 02:04:43,085 - __main__ - INFO - get detail of order NO. 138
2016-12-12 02:04:48,084 - __main__ - INFO - get detail of order NO. 138
2016-12-12 02:04:53,083 - __main__ - INFO - get detail of order NO. 138
2016-12-12 02:04:58,084 - __main__ - INFO - get detail of order NO. 138
2016-12-12 02:05:03,084 - __main__ - INFO - get detail of order NO. 138
2016-12-12 02:05:08,084 - __main__ - INFO - get detail of order NO. 138
2016-12-12 02:05:13,085 - __main__ - INFO - get detail of order NO. 138
2016-12-12 02:05:18,083 - __main__ - INFO - get detail of order NO. 138
2016-12-12 02:05:23,084 - __main__ - INFO - get detail of order NO. 138
2016-12-12 02:05:28,083 - __main__ - INFO - get detail of order NO. 138
2016-12-12 02:05:33,083 - __main__ - INFO - get detail of order NO. 138
2016-12-12 02:05:38,083 - __main__ - INFO - get detail of order NO. 138
2016-12-12 02:05:43,083 - __main__ - INFO - get detail of order NO. 138
2016-12-12 02:05:48,082 - __main__ - INFO - get detail of order NO. 138
2016-12-12 02:05:53,083 - __main__ - INFO - get detail of order NO. 138
2016-12-12 02:05:58,082 - __main__ - INFO - get detail of order NO. 138
2016-12-12 02:06:03,083 - __main__ - INFO - get detail of order NO. 138
2016-12-12 02:06:08,084 - __main__ - INFO - get detail of order NO. 138
2016-12-12 02:06:13,082 - __main__ - INFO - get detail of order NO. 138
2016-12-12 02:06:18,081 - __main__ - INFO - get detail of order NO. 138
2016-12-12 02:06:23,083 - __main__ - INFO - get detail of order NO. 138
2016-12-12 02:06:28,082 - __main__ - INFO - get detail of order NO. 138
2016-12-12 02:06:33,080 - __main__ - INFO - get detail of order NO. 138
2016-12-12 02:06:38,082 - __main__ - INFO - get detail of order NO. 138
2016-12-12 02:06:43,082 - __main__ - INFO - get detail of order NO. 138
2016-12-12 02:06:48,080 - __main__ - INFO - get detail of order NO. 138
2016-12-12 02:06:53,081 - __main__ - INFO - get detail of order NO. 138
2016-12-12 02:06:58,099 - __main__ - INFO - get detail of order NO. 138
2016-12-12 02:07:03,080 - __main__ - INFO - get detail of order NO. 138
2016-12-12 02:07:08,081 - __main__ - INFO - get detail of order NO. 138
2016-12-12 02:07:13,081 - __main__ - INFO - get detail of order NO. 138
2016-12-12 02:07:18,079 - __main__ - INFO - get detail of order NO. 138
2016-12-12 02:07:23,080 - __main__ - INFO - get detail of order NO. 138
2016-12-12 02:07:28,080 - __main__ - INFO - get detail of order NO. 138
2016-12-12 02:07:33,080 - __main__ - INFO - get detail of order NO. 138
2016-12-12 02:07:38,080 - __main__ - INFO - get detail of order NO. 138
2016-12-12 02:07:43,079 - __main__ - INFO - get detail of order NO. 138
2016-12-12 02:07:48,079 - __main__ - INFO - get detail of order NO. 138
2016-12-12 02:07:53,079 - __main__ - INFO - get detail of order NO. 138
2016-12-12 02:07:58,079 - __main__ - INFO - get detail of order NO. 138
2016-12-12 02:08:03,080 - __main__ - INFO - get detail of order NO. 138
2016-12-12 02:08:08,080 - __main__ - INFO - get detail of order NO. 138
2016-12-12 02:08:13,079 - __main__ - INFO - get detail of order NO. 138
2016-12-12 02:08:18,078 - __main__ - INFO - get detail of order NO. 138
2016-12-12 02:08:23,079 - __main__ - INFO - get detail of order NO. 138
2016-12-12 02:08:28,078 - __main__ - INFO - get detail of order NO. 138
2016-12-12 02:08:33,078 - __main__ - INFO - get detail of order NO. 138
2016-12-12 02:08:38,078 - __main__ - INFO - get detail of order NO. 138
2016-12-12 02:08:43,079 - __main__ - INFO - get detail of order NO. 138
2016-12-12 02:08:48,077 - __main__ - INFO - get detail of order NO. 138
2016-12-12 02:08:53,079 - __main__ - INFO - get detail of order NO. 138
2016-12-12 02:08:58,078 - __main__ - INFO - get detail of order NO. 138
2016-12-12 02:09:03,079 - __main__ - INFO - get detail of order NO. 138
2016-12-12 02:09:08,078 - __main__ - INFO - get detail of order NO. 138
2016-12-12 02:09:13,077 - __main__ - INFO - get detail of order NO. 138
2016-12-12 02:09:18,077 - __main__ - INFO - get detail of order NO. 138
2016-12-12 02:09:23,078 - __main__ - INFO - get detail of order NO. 138
2016-12-12 02:09:28,077 - __main__ - INFO - get detail of order NO. 138
2016-12-12 02:09:35,399 - __main__ - INFO - get detail of order NO. 139
2016-12-12 02:09:36,856 - __main__ - INFO - get detail of order NO. 139
2016-12-12 02:09:36,858 - __main__ - INFO - get detail of order NO. 138
2016-12-12 02:09:39,294 - __main__ - INFO - get detail of order NO. 139
2016-12-12 02:09:39,297 - __main__ - INFO - get detail of order NO. 138
2016-12-12 02:09:41,418 - __main__ - INFO - get detail of order NO. 139
2016-12-12 02:09:45,298 - __main__ - INFO - get detail of order NO. 139
2016-12-12 02:09:45,300 - __main__ - INFO - get detail of order NO. 138
2016-12-12 02:09:46,616 - __main__ - INFO - get detail of order NO. 139
2016-12-12 02:09:47,674 - __main__ - INFO - get detail of order NO. 139
2016-12-12 02:09:47,677 - __main__ - INFO - get detail of order NO. 138
2016-12-12 02:20:02,483 - __main__ - INFO - Log start!
2016-12-12 02:20:03,884 - __main__ - INFO - Log start!
2016-12-12 02:20:15,321 - __main__ - INFO - get detail of order NO. 140
2016-12-12 02:20:20,529 - __main__ - INFO - get detail of order NO. 140
2016-12-12 02:20:22,330 - __main__ - INFO - uid: 26 logout
2016-12-12 02:21:51,225 - __main__ - INFO - login success with user name: aset, password: aset
2016-12-12 02:21:51,244 - __main__ - INFO - get detail of order NO. 140
2016-12-12 02:21:51,254 - __main__ - INFO - get detail of order NO. 139
2016-12-12 02:21:51,258 - __main__ - INFO - get detail of order NO. 138
2016-12-12 02:21:57,037 - __main__ - INFO - get detail of order NO. 140
2016-12-12 02:21:57,065 - __main__ - INFO - get detail of order NO. 139
2016-12-12 02:21:57,068 - __main__ - INFO - get detail of order NO. 138
2016-12-12 02:21:58,624 - __main__ - INFO - get detail of order NO. 140
2016-12-12 02:22:03,882 - __main__ - INFO - get detail of order NO. 140
2016-12-12 02:22:08,880 - __main__ - INFO - get detail of order NO. 140
2016-12-12 02:22:13,880 - __main__ - INFO - get detail of order NO. 140
2016-12-12 02:22:19,189 - __main__ - INFO - get detail of order NO. 140
2016-12-12 02:23:41,569 - __main__ - INFO - Log start!
2016-12-12 02:23:42,449 - __main__ - INFO - Log start!
2016-12-12 02:23:43,882 - __main__ - INFO - get detail of order NO. 140
2016-12-12 02:23:48,877 - __main__ - INFO - get detail of order NO. 140
2016-12-12 02:23:55,667 - __main__ - INFO - get detail of order NO. 141
2016-12-12 02:24:00,839 - __main__ - INFO - get detail of order NO. 141
2016-12-12 02:24:05,837 - __main__ - INFO - get detail of order NO. 141
2016-12-12 02:24:08,832 - __main__ - INFO - get detail of order NO. 141
2016-12-12 02:24:08,835 - __main__ - INFO - get detail of order NO. 140
2016-12-12 02:24:08,866 - __main__ - INFO - get detail of order NO. 139
2016-12-12 02:24:08,869 - __main__ - INFO - get detail of order NO. 138
2016-12-12 02:24:10,785 - __main__ - INFO - get detail of order NO. 141
2016-12-12 02:24:10,789 - __main__ - INFO - get detail of order NO. 140
2016-12-12 02:24:10,810 - __main__ - INFO - get detail of order NO. 139
2016-12-12 02:24:10,814 - __main__ - INFO - get detail of order NO. 138
2016-12-12 02:24:11,871 - __main__ - INFO - get detail of order NO. 141
2016-12-12 02:24:16,965 - __main__ - INFO - get detail of order NO. 141
2016-12-12 02:24:17,575 - __main__ - INFO - get detail of order NO. 141
2016-12-12 02:24:17,578 - __main__ - INFO - get detail of order NO. 140
2016-12-12 02:24:17,596 - __main__ - INFO - get detail of order NO. 139
2016-12-12 02:24:17,600 - __main__ - INFO - get detail of order NO. 138
2016-12-12 02:24:23,449 - __main__ - INFO - get detail of order NO. 142
2016-12-12 02:24:24,156 - __main__ - INFO - get detail of order NO. 142
2016-12-12 02:24:24,159 - __main__ - INFO - get detail of order NO. 141
2016-12-12 02:24:24,163 - __main__ - INFO - get detail of order NO. 140
2016-12-12 02:24:24,181 - __main__ - INFO - get detail of order NO. 139
2016-12-12 02:24:24,185 - __main__ - INFO - get detail of order NO. 138
2016-12-12 02:24:26,481 - __main__ - INFO - get detail of order NO. 142
2016-12-12 02:24:26,484 - __main__ - INFO - get detail of order NO. 141
2016-12-12 02:24:26,488 - __main__ - INFO - get detail of order NO. 140
2016-12-12 02:24:26,504 - __main__ - INFO - get detail of order NO. 139
2016-12-12 02:24:26,508 - __main__ - INFO - get detail of order NO. 138
2016-12-12 02:24:27,480 - __main__ - INFO - get detail of order NO. 142
2016-12-12 02:24:32,569 - __main__ - INFO - get detail of order NO. 142
2016-12-12 02:24:33,227 - __main__ - INFO - get detail of order NO. 142
2016-12-12 02:24:33,230 - __main__ - INFO - get detail of order NO. 141
2016-12-12 02:24:33,233 - __main__ - INFO - get detail of order NO. 140
2016-12-12 02:24:33,250 - __main__ - INFO - get detail of order NO. 139
2016-12-12 02:24:33,253 - __main__ - INFO - get detail of order NO. 138
2016-12-12 02:24:34,252 - __main__ - INFO - get detail of order NO. 142
2016-12-12 02:24:35,388 - __main__ - INFO - get detail of order NO. 142
2016-12-12 02:24:35,391 - __main__ - INFO - get detail of order NO. 141
2016-12-12 02:24:35,395 - __main__ - INFO - get detail of order NO. 140
2016-12-12 02:24:35,412 - __main__ - INFO - get detail of order NO. 139
2016-12-12 02:24:35,416 - __main__ - INFO - get detail of order NO. 138
2016-12-12 02:56:10,434 - __main__ - INFO - get detail of order NO. 143
2016-12-12 02:56:11,578 - __main__ - INFO - get detail of order NO. 143
2016-12-12 02:56:11,674 - __main__ - INFO - get detail of order NO. 142
2016-12-12 02:56:11,794 - __main__ - INFO - get detail of order NO. 141
2016-12-12 02:56:11,807 - __main__ - INFO - get detail of order NO. 140
2016-12-12 02:56:11,831 - __main__ - INFO - get detail of order NO. 139
2016-12-12 02:56:11,835 - __main__ - INFO - get detail of order NO. 138
2016-12-12 02:56:14,906 - __main__ - INFO - get detail of order NO. 143
2016-12-12 02:56:18,007 - __main__ - INFO - get detail of order NO. 143
2016-12-12 02:56:18,075 - __main__ - INFO - get detail of order NO. 142
2016-12-12 02:56:18,135 - __main__ - INFO - get detail of order NO. 141
2016-12-12 02:56:18,186 - __main__ - INFO - get detail of order NO. 140
2016-12-12 02:56:18,292 - __main__ - INFO - get detail of order NO. 139
2016-12-12 02:56:18,312 - __main__ - INFO - get detail of order NO. 138
2016-12-12 02:56:25,632 - __main__ - INFO - get detail of order NO. 143
2016-12-12 02:56:31,455 - __main__ - INFO - get detail of order NO. 143
2016-12-12 02:56:36,566 - __main__ - INFO - get detail of order NO. 143
2016-12-12 02:56:39,622 - __main__ - INFO - get detail of order NO. 143
2016-12-12 02:56:39,642 - __main__ - INFO - get detail of order NO. 142
2016-12-12 02:56:39,651 - __main__ - INFO - get detail of order NO. 141
2016-12-12 02:56:39,669 - __main__ - INFO - get detail of order NO. 140
2016-12-12 02:56:39,739 - __main__ - INFO - get detail of order NO. 139
2016-12-12 02:56:39,763 - __main__ - INFO - get detail of order NO. 138
2016-12-12 02:56:41,938 - __main__ - INFO - get detail of order NO. 143
2016-12-12 02:56:48,226 - __main__ - INFO - get detail of order NO. 143
2016-12-12 02:56:48,293 - __main__ - INFO - get detail of order NO. 143
2016-12-12 02:56:48,325 - __main__ - INFO - get detail of order NO. 142
2016-12-12 02:56:48,336 - __main__ - INFO - get detail of order NO. 141
2016-12-12 02:56:48,443 - __main__ - INFO - get detail of order NO. 140
2016-12-12 02:56:48,759 - __main__ - INFO - get detail of order NO. 139
2016-12-12 02:56:48,907 - __main__ - INFO - get detail of order NO. 138
2016-12-12 02:57:35,756 - __main__ - INFO - Log start!
2016-12-12 02:57:36,442 - __main__ - INFO - Log start!
2016-12-12 02:57:41,367 - __main__ - INFO - get detail of order NO. 143
2016-12-12 02:57:41,373 - __main__ - INFO - get detail of order NO. 142
2016-12-12 02:57:41,377 - __main__ - INFO - get detail of order NO. 141
2016-12-12 02:57:41,381 - __main__ - INFO - get detail of order NO. 140
2016-12-12 02:57:41,404 - __main__ - INFO - get detail of order NO. 139
2016-12-12 02:57:41,407 - __main__ - INFO - get detail of order NO. 138
2016-12-12 02:57:44,007 - __main__ - INFO - get detail of order NO. 143
2016-12-12 02:57:49,139 - __main__ - INFO - get detail of order NO. 143
2016-12-12 02:57:49,768 - __main__ - INFO - get detail of order NO. 143
2016-12-12 02:57:49,772 - __main__ - INFO - get detail of order NO. 142
2016-12-12 02:57:49,774 - __main__ - INFO - get detail of order NO. 141
2016-12-12 02:57:49,778 - __main__ - INFO - get detail of order NO. 140
2016-12-12 02:57:49,797 - __main__ - INFO - get detail of order NO. 139
2016-12-12 02:57:49,801 - __main__ - INFO - get detail of order NO. 138
2016-12-12 02:59:49,236 - __main__ - INFO - Log start!
2016-12-12 02:59:49,702 - __main__ - INFO - Log start!
2016-12-12 03:00:10,292 - __main__ - INFO - get detail of order NO. 144
2016-12-12 03:00:11,397 - __main__ - INFO - get detail of order NO. 143
2016-12-12 03:00:11,402 - __main__ - INFO - get detail of order NO. 142
2016-12-12 03:00:11,405 - __main__ - INFO - get detail of order NO. 141
2016-12-12 03:00:11,408 - __main__ - INFO - get detail of order NO. 140
2016-12-12 03:00:11,429 - __main__ - INFO - get detail of order NO. 139
2016-12-12 03:00:11,433 - __main__ - INFO - get detail of order NO. 144
2016-12-12 03:00:11,436 - __main__ - INFO - get detail of order NO. 138
2016-12-12 03:00:28,519 - __main__ - INFO - get detail of order NO. 144
2016-12-12 03:00:30,311 - __main__ - INFO - get detail of order NO. 143
2016-12-12 03:00:30,314 - __main__ - INFO - get detail of order NO. 142
2016-12-12 03:00:30,318 - __main__ - INFO - get detail of order NO. 141
2016-12-12 03:00:30,322 - __main__ - INFO - get detail of order NO. 140
2016-12-12 03:00:30,342 - __main__ - INFO - get detail of order NO. 139
2016-12-12 03:00:30,345 - __main__ - INFO - get detail of order NO. 144
2016-12-12 03:00:30,348 - __main__ - INFO - get detail of order NO. 138
2016-12-12 03:00:37,708 - __main__ - INFO - get detail of order NO. 145
2016-12-12 03:00:38,818 - __main__ - INFO - get detail of order NO. 143
2016-12-12 03:00:38,822 - __main__ - INFO - get detail of order NO. 142
2016-12-12 03:00:38,824 - __main__ - INFO - get detail of order NO. 141
2016-12-12 03:00:38,827 - __main__ - INFO - get detail of order NO. 140
2016-12-12 03:00:38,860 - __main__ - INFO - get detail of order NO. 139
2016-12-12 03:00:38,863 - __main__ - INFO - get detail of order NO. 145
2016-12-12 03:00:38,866 - __main__ - INFO - get detail of order NO. 144
2016-12-12 03:00:38,869 - __main__ - INFO - get detail of order NO. 138
2016-12-12 03:00:41,558 - __main__ - INFO - get detail of order NO. 144
2016-12-12 03:00:42,994 - __main__ - INFO - get detail of order NO. 143
2016-12-12 03:00:42,997 - __main__ - INFO - get detail of order NO. 142
2016-12-12 03:00:42,999 - __main__ - INFO - get detail of order NO. 141
2016-12-12 03:00:43,004 - __main__ - INFO - get detail of order NO. 140
2016-12-12 03:00:43,022 - __main__ - INFO - get detail of order NO. 139
2016-12-12 03:00:43,025 - __main__ - INFO - get detail of order NO. 145
2016-12-12 03:00:43,027 - __main__ - INFO - get detail of order NO. 144
2016-12-12 03:00:43,030 - __main__ - INFO - get detail of order NO. 138
2016-12-12 03:00:46,916 - __main__ - INFO - get detail of order NO. 145
2016-12-12 03:00:47,862 - __main__ - INFO - get detail of order NO. 143
2016-12-12 03:00:47,867 - __main__ - INFO - get detail of order NO. 142
2016-12-12 03:00:47,870 - __main__ - INFO - get detail of order NO. 141
2016-12-12 03:00:47,873 - __main__ - INFO - get detail of order NO. 140
2016-12-12 03:00:47,892 - __main__ - INFO - get detail of order NO. 139
2016-12-12 03:00:47,896 - __main__ - INFO - get detail of order NO. 145
2016-12-12 03:00:47,899 - __main__ - INFO - get detail of order NO. 144
2016-12-12 03:00:47,904 - __main__ - INFO - get detail of order NO. 138
2016-12-12 03:00:49,114 - __main__ - INFO - get detail of order NO. 144
2016-12-12 03:00:50,165 - __main__ - INFO - get detail of order NO. 143
2016-12-12 03:00:50,170 - __main__ - INFO - get detail of order NO. 142
2016-12-12 03:00:50,172 - __main__ - INFO - get detail of order NO. 141
2016-12-12 03:00:50,175 - __main__ - INFO - get detail of order NO. 140
2016-12-12 03:00:50,194 - __main__ - INFO - get detail of order NO. 139
2016-12-12 03:00:50,198 - __main__ - INFO - get detail of order NO. 145
2016-12-12 03:00:50,201 - __main__ - INFO - get detail of order NO. 144
2016-12-12 03:00:50,203 - __main__ - INFO - get detail of order NO. 138
2016-12-12 03:00:51,340 - __main__ - INFO - get detail of order NO. 144
2016-12-12 03:00:52,838 - __main__ - INFO - get detail of order NO. 143
2016-12-12 03:00:52,842 - __main__ - INFO - get detail of order NO. 142
2016-12-12 03:00:52,844 - __main__ - INFO - get detail of order NO. 141
2016-12-12 03:00:52,847 - __main__ - INFO - get detail of order NO. 140
2016-12-12 03:00:52,867 - __main__ - INFO - get detail of order NO. 139
2016-12-12 03:00:52,873 - __main__ - INFO - get detail of order NO. 145
2016-12-12 03:00:52,875 - __main__ - INFO - get detail of order NO. 144
2016-12-12 03:00:52,878 - __main__ - INFO - get detail of order NO. 138
2016-12-12 03:01:12,116 - __main__ - INFO - get detail of order NO. 143
2016-12-12 03:01:12,121 - __main__ - INFO - get detail of order NO. 142
2016-12-12 03:01:12,124 - __main__ - INFO - get detail of order NO. 141
2016-12-12 03:01:12,127 - __main__ - INFO - get detail of order NO. 140
2016-12-12 03:01:12,144 - __main__ - INFO - get detail of order NO. 139
2016-12-12 03:01:12,147 - __main__ - INFO - get detail of order NO. 145
2016-12-12 03:01:12,150 - __main__ - INFO - get detail of order NO. 144
2016-12-12 03:01:12,153 - __main__ - INFO - get detail of order NO. 138
2016-12-12 03:01:50,345 - __main__ - INFO - get detail of order NO. 146
2016-12-12 03:01:55,541 - __main__ - INFO - get detail of order NO. 146
2016-12-12 03:02:00,539 - __main__ - INFO - get detail of order NO. 146
2016-12-12 03:02:05,537 - __main__ - INFO - get detail of order NO. 146
2016-12-12 03:02:10,537 - __main__ - INFO - get detail of order NO. 146
2016-12-12 03:02:15,537 - __main__ - INFO - get detail of order NO. 146
2016-12-12 03:02:20,536 - __main__ - INFO - get detail of order NO. 146
2016-12-12 03:02:25,536 - __main__ - INFO - get detail of order NO. 146
2016-12-12 03:02:30,536 - __main__ - INFO - get detail of order NO. 146
2016-12-12 03:02:35,536 - __main__ - INFO - get detail of order NO. 146
2016-12-12 03:02:40,538 - __main__ - INFO - get detail of order NO. 146
2016-12-12 03:02:45,536 - __main__ - INFO - get detail of order NO. 146
2016-12-12 03:02:50,536 - __main__ - INFO - get detail of order NO. 146
2016-12-12 03:02:55,536 - __main__ - INFO - get detail of order NO. 146
2016-12-12 03:03:00,536 - __main__ - INFO - get detail of order NO. 146
2016-12-12 03:03:05,537 - __main__ - INFO - get detail of order NO. 146
2016-12-12 03:03:10,536 - __main__ - INFO - get detail of order NO. 146
2016-12-12 03:03:15,536 - __main__ - INFO - get detail of order NO. 146
2016-12-12 03:03:20,535 - __main__ - INFO - get detail of order NO. 146
2016-12-12 03:03:25,533 - __main__ - INFO - get detail of order NO. 146
2016-12-12 03:10:23,762 - __main__ - INFO - get detail of order NO. 147
2016-12-12 03:10:28,983 - __main__ - INFO - get detail of order NO. 147
2016-12-12 03:10:33,981 - __main__ - INFO - get detail of order NO. 147
2016-12-12 03:10:38,983 - __main__ - INFO - get detail of order NO. 147
2016-12-12 03:10:43,982 - __main__ - INFO - get detail of order NO. 147
2016-12-12 03:10:48,981 - __main__ - INFO - get detail of order NO. 147
2016-12-12 03:10:53,981 - __main__ - INFO - get detail of order NO. 147
2016-12-12 03:10:58,981 - __main__ - INFO - get detail of order NO. 147
2016-12-12 03:11:03,981 - __main__ - INFO - get detail of order NO. 147
2016-12-12 03:11:08,980 - __main__ - INFO - get detail of order NO. 147
2016-12-12 03:11:15,477 - __main__ - INFO - get detail of order NO. 147
2016-12-12 03:11:19,774 - __main__ - INFO - get detail of order NO. 147
2016-12-12 03:11:23,979 - __main__ - INFO - get detail of order NO. 147
2016-12-12 03:11:28,979 - __main__ - INFO - get detail of order NO. 147
2016-12-12 03:11:29,423 - __main__ - INFO - get detail of order NO. 143
2016-12-12 03:11:29,427 - __main__ - INFO - get detail of order NO. 142
2016-12-12 03:11:29,433 - __main__ - INFO - get detail of order NO. 141
2016-12-12 03:11:29,438 - __main__ - INFO - get detail of order NO. 140
2016-12-12 03:11:29,458 - __main__ - INFO - get detail of order NO. 147
2016-12-12 03:11:29,462 - __main__ - INFO - get detail of order NO. 139
2016-12-12 03:11:29,466 - __main__ - INFO - get detail of order NO. 146
2016-12-12 03:11:29,469 - __main__ - INFO - get detail of order NO. 145
2016-12-12 03:11:29,471 - __main__ - INFO - get detail of order NO. 144
2016-12-12 03:11:29,474 - __main__ - INFO - get detail of order NO. 138
2016-12-12 03:12:26,452 - __main__ - INFO - get detail of order NO. 143
2016-12-12 03:14:06,020 - __main__ - INFO - get detail of order NO. 143
2016-12-12 03:14:06,024 - __main__ - INFO - get detail of order NO. 142
2016-12-12 03:14:06,027 - __main__ - INFO - get detail of order NO. 141
2016-12-12 03:14:06,030 - __main__ - INFO - get detail of order NO. 140
2016-12-12 03:14:06,047 - __main__ - INFO - get detail of order NO. 147
2016-12-12 03:14:06,051 - __main__ - INFO - get detail of order NO. 139
2016-12-12 03:14:06,055 - __main__ - INFO - get detail of order NO. 146
2016-12-12 03:14:06,058 - __main__ - INFO - get detail of order NO. 145
2016-12-12 03:14:06,060 - __main__ - INFO - get detail of order NO. 144
2016-12-12 03:14:06,062 - __main__ - INFO - get detail of order NO. 138
2016-12-12 03:28:18,075 - __main__ - INFO - get detail of order NO. 148
2016-12-12 03:28:22,275 - __main__ - INFO - get detail of order NO. 143
2016-12-12 03:28:22,279 - __main__ - INFO - get detail of order NO. 148
2016-12-12 03:28:22,282 - __main__ - INFO - get detail of order NO. 142
2016-12-12 03:28:22,284 - __main__ - INFO - get detail of order NO. 141
2016-12-12 03:28:22,287 - __main__ - INFO - get detail of order NO. 140
2016-12-12 03:28:22,305 - __main__ - INFO - get detail of order NO. 147
2016-12-12 03:28:22,309 - __main__ - INFO - get detail of order NO. 139
2016-12-12 03:28:22,312 - __main__ - INFO - get detail of order NO. 146
2016-12-12 03:28:22,316 - __main__ - INFO - get detail of order NO. 145
2016-12-12 03:28:22,318 - __main__ - INFO - get detail of order NO. 144
2016-12-12 03:28:22,320 - __main__ - INFO - get detail of order NO. 138
2016-12-12 03:28:30,483 - __main__ - INFO - get detail of order NO. 143
2016-12-12 03:28:30,487 - __main__ - INFO - get detail of order NO. 148
2016-12-12 03:28:30,490 - __main__ - INFO - get detail of order NO. 142
2016-12-12 03:28:30,493 - __main__ - INFO - get detail of order NO. 141
2016-12-12 03:28:30,497 - __main__ - INFO - get detail of order NO. 140
2016-12-12 03:28:30,514 - __main__ - INFO - get detail of order NO. 147
2016-12-12 03:28:30,518 - __main__ - INFO - get detail of order NO. 139
2016-12-12 03:28:30,520 - __main__ - INFO - get detail of order NO. 146
2016-12-12 03:28:30,522 - __main__ - INFO - get detail of order NO. 145
2016-12-12 03:28:30,524 - __main__ - INFO - get detail of order NO. 144
2016-12-12 03:28:30,527 - __main__ - INFO - get detail of order NO. 138
2016-12-12 03:28:32,329 - __main__ - INFO - get detail of order NO. 148
2016-12-12 03:28:34,849 - __main__ - INFO - get detail of order NO. 143
2016-12-12 03:28:34,852 - __main__ - INFO - get detail of order NO. 148
2016-12-12 03:28:34,854 - __main__ - INFO - get detail of order NO. 142
2016-12-12 03:28:34,857 - __main__ - INFO - get detail of order NO. 141
2016-12-12 03:28:34,862 - __main__ - INFO - get detail of order NO. 140
2016-12-12 03:28:34,879 - __main__ - INFO - get detail of order NO. 147
2016-12-12 03:28:34,882 - __main__ - INFO - get detail of order NO. 139
2016-12-12 03:28:34,885 - __main__ - INFO - get detail of order NO. 146
2016-12-12 03:28:34,888 - __main__ - INFO - get detail of order NO. 145
2016-12-12 03:28:34,891 - __main__ - INFO - get detail of order NO. 144
2016-12-12 03:28:34,893 - __main__ - INFO - get detail of order NO. 138
2016-12-12 03:29:42,071 - __main__ - INFO - Log start!
2016-12-12 03:29:52,469 - __main__ - INFO - get detail of order NO. 149
2016-12-12 03:29:53,467 - __main__ - INFO - get detail of order NO. 143
2016-12-12 03:29:53,474 - __main__ - INFO - get detail of order NO. 149
2016-12-12 03:29:53,478 - __main__ - INFO - get detail of order NO. 148
2016-12-12 03:29:53,480 - __main__ - INFO - get detail of order NO. 142
2016-12-12 03:29:53,482 - __main__ - INFO - get detail of order NO. 141
2016-12-12 03:29:53,486 - __main__ - INFO - get detail of order NO. 140
2016-12-12 03:29:53,503 - __main__ - INFO - get detail of order NO. 147
2016-12-12 03:29:53,507 - __main__ - INFO - get detail of order NO. 139
2016-12-12 03:29:53,510 - __main__ - INFO - get detail of order NO. 146
2016-12-12 03:29:53,512 - __main__ - INFO - get detail of order NO. 145
2016-12-12 03:29:53,515 - __main__ - INFO - get detail of order NO. 144
2016-12-12 03:29:53,517 - __main__ - INFO - get detail of order NO. 138
2016-12-12 03:29:57,071 - __main__ - INFO - get detail of order NO. 149
2016-12-12 03:29:59,469 - __main__ - INFO - get detail of order NO. 143
2016-12-12 03:29:59,474 - __main__ - INFO - get detail of order NO. 149
2016-12-12 03:29:59,477 - __main__ - INFO - get detail of order NO. 148
2016-12-12 03:29:59,479 - __main__ - INFO - get detail of order NO. 142
2016-12-12 03:29:59,481 - __main__ - INFO - get detail of order NO. 141
2016-12-12 03:29:59,485 - __main__ - INFO - get detail of order NO. 140
2016-12-12 03:29:59,501 - __main__ - INFO - get detail of order NO. 147
2016-12-12 03:29:59,506 - __main__ - INFO - get detail of order NO. 139
2016-12-12 03:29:59,509 - __main__ - INFO - get detail of order NO. 146
2016-12-12 03:29:59,511 - __main__ - INFO - get detail of order NO. 145
2016-12-12 03:29:59,513 - __main__ - INFO - get detail of order NO. 144
2016-12-12 03:29:59,515 - __main__ - INFO - get detail of order NO. 138
2016-12-12 03:30:01,351 - __main__ - INFO - get detail of order NO. 149
2016-12-12 03:30:02,914 - __main__ - INFO - get detail of order NO. 143
2016-12-12 03:30:02,919 - __main__ - INFO - get detail of order NO. 149
2016-12-12 03:30:02,923 - __main__ - INFO - get detail of order NO. 148
2016-12-12 03:30:02,925 - __main__ - INFO - get detail of order NO. 142
2016-12-12 03:30:02,927 - __main__ - INFO - get detail of order NO. 141
2016-12-12 03:30:02,930 - __main__ - INFO - get detail of order NO. 140
2016-12-12 03:30:02,948 - __main__ - INFO - get detail of order NO. 147
2016-12-12 03:30:02,952 - __main__ - INFO - get detail of order NO. 139
2016-12-12 03:30:02,956 - __main__ - INFO - get detail of order NO. 146
2016-12-12 03:30:02,959 - __main__ - INFO - get detail of order NO. 145
2016-12-12 03:30:02,961 - __main__ - INFO - get detail of order NO. 144
2016-12-12 03:30:02,963 - __main__ - INFO - get detail of order NO. 138
2016-12-12 03:30:04,998 - __main__ - INFO - get detail of order NO. 143
2016-12-12 03:30:05,001 - __main__ - INFO - get detail of order NO. 149
2016-12-12 03:30:05,005 - __main__ - INFO - get detail of order NO. 148
2016-12-12 03:30:05,008 - __main__ - INFO - get detail of order NO. 142
2016-12-12 03:30:05,010 - __main__ - INFO - get detail of order NO. 141
2016-12-12 03:30:05,013 - __main__ - INFO - get detail of order NO. 140
2016-12-12 03:30:05,049 - __main__ - INFO - get detail of order NO. 147
2016-12-12 03:30:05,054 - __main__ - INFO - get detail of order NO. 139
2016-12-12 03:30:05,056 - __main__ - INFO - get detail of order NO. 146
2016-12-12 03:30:05,059 - __main__ - INFO - get detail of order NO. 145
2016-12-12 03:30:05,061 - __main__ - INFO - get detail of order NO. 144
2016-12-12 03:30:05,063 - __main__ - INFO - get detail of order NO. 138
2016-12-12 03:30:06,515 - __main__ - INFO - get detail of order NO. 149
2016-12-12 03:30:11,149 - __main__ - INFO - get detail of order NO. 143
2016-12-12 03:30:11,154 - __main__ - INFO - get detail of order NO. 149
2016-12-12 03:30:11,160 - __main__ - INFO - get detail of order NO. 148
2016-12-12 03:30:11,163 - __main__ - INFO - get detail of order NO. 142
2016-12-12 03:30:11,166 - __main__ - INFO - get detail of order NO. 141
2016-12-12 03:30:11,170 - __main__ - INFO - get detail of order NO. 140
2016-12-12 03:30:11,192 - __main__ - INFO - get detail of order NO. 147
2016-12-12 03:30:11,196 - __main__ - INFO - get detail of order NO. 139
2016-12-12 03:30:11,198 - __main__ - INFO - get detail of order NO. 146
2016-12-12 03:30:11,201 - __main__ - INFO - get detail of order NO. 145
2016-12-12 03:30:11,206 - __main__ - INFO - get detail of order NO. 144
2016-12-12 03:30:11,209 - __main__ - INFO - get detail of order NO. 138
2016-12-12 03:32:43,230 - __main__ - INFO - Log start!
2016-12-12 03:34:38,614 - __main__ - INFO - Log start!
2016-12-12 03:36:40,934 - __main__ - INFO - Log start!
2016-12-12 03:37:21,747 - __main__ - INFO - Log start!
2016-12-12 03:37:25,517 - __main__ - INFO - get detail of order NO. 143
2016-12-12 03:37:25,523 - __main__ - INFO - get detail of order NO. 149
2016-12-12 03:37:25,526 - __main__ - INFO - get detail of order NO. 148
2016-12-12 03:37:25,528 - __main__ - INFO - get detail of order NO. 142
2016-12-12 03:37:25,531 - __main__ - INFO - get detail of order NO. 141
2016-12-12 03:37:25,534 - __main__ - INFO - get detail of order NO. 140
2016-12-12 03:37:25,556 - __main__ - INFO - get detail of order NO. 147
2016-12-12 03:37:25,561 - __main__ - INFO - get detail of order NO. 139
2016-12-12 03:37:25,563 - __main__ - INFO - get detail of order NO. 146
2016-12-12 03:37:25,566 - __main__ - INFO - get detail of order NO. 145
2016-12-12 03:37:25,569 - __main__ - INFO - get detail of order NO. 144
2016-12-12 03:37:25,572 - __main__ - INFO - get detail of order NO. 138
2016-12-12 03:37:25,598 - __main__ - INFO - get detail of order NO. 143
2016-12-12 03:37:25,602 - __main__ - INFO - get detail of order NO. 149
2016-12-12 03:37:25,605 - __main__ - INFO - get detail of order NO. 148
2016-12-12 03:37:25,608 - __main__ - INFO - get detail of order NO. 142
2016-12-12 03:37:25,610 - __main__ - INFO - get detail of order NO. 141
2016-12-12 03:37:25,614 - __main__ - INFO - get detail of order NO. 140
2016-12-12 03:37:25,630 - __main__ - INFO - get detail of order NO. 147
2016-12-12 03:37:25,634 - __main__ - INFO - get detail of order NO. 139
2016-12-12 03:37:25,636 - __main__ - INFO - get detail of order NO. 146
2016-12-12 03:37:25,639 - __main__ - INFO - get detail of order NO. 145
2016-12-12 03:37:25,641 - __main__ - INFO - get detail of order NO. 144
2016-12-12 03:37:25,643 - __main__ - INFO - get detail of order NO. 138
2016-12-12 03:37:27,248 - __main__ - INFO - get detail of order NO. 143
2016-12-12 03:37:27,252 - __main__ - INFO - get detail of order NO. 149
2016-12-12 03:37:27,255 - __main__ - INFO - get detail of order NO. 148
2016-12-12 03:37:27,259 - __main__ - INFO - get detail of order NO. 142
2016-12-12 03:37:27,261 - __main__ - INFO - get detail of order NO. 141
2016-12-12 03:37:27,264 - __main__ - INFO - get detail of order NO. 140
2016-12-12 03:37:27,297 - __main__ - INFO - get detail of order NO. 147
2016-12-12 03:37:27,301 - __main__ - INFO - get detail of order NO. 139
2016-12-12 03:37:27,303 - __main__ - INFO - get detail of order NO. 146
2016-12-12 03:37:27,306 - __main__ - INFO - get detail of order NO. 145
2016-12-12 03:37:27,308 - __main__ - INFO - get detail of order NO. 144
2016-12-12 03:37:27,311 - __main__ - INFO - get detail of order NO. 138
2016-12-12 03:42:09,450 - __main__ - INFO - Log start!
2016-12-12 03:42:13,012 - __main__ - INFO - get detail of order NO. 143
2016-12-12 03:42:13,016 - __main__ - INFO - get detail of order NO. 149
2016-12-12 03:42:13,020 - __main__ - INFO - get detail of order NO. 148
2016-12-12 03:42:13,022 - __main__ - INFO - get detail of order NO. 142
2016-12-12 03:42:13,025 - __main__ - INFO - get detail of order NO. 141
2016-12-12 03:42:13,028 - __main__ - INFO - get detail of order NO. 140
2016-12-12 03:42:13,047 - __main__ - INFO - get detail of order NO. 147
2016-12-12 03:42:13,051 - __main__ - INFO - get detail of order NO. 139
2016-12-12 03:42:13,053 - __main__ - INFO - get detail of order NO. 146
2016-12-12 03:42:13,056 - __main__ - INFO - get detail of order NO. 145
2016-12-12 03:42:13,058 - __main__ - INFO - get detail of order NO. 144
2016-12-12 03:42:13,060 - __main__ - INFO - get detail of order NO. 138
2016-12-12 03:43:10,406 - __main__ - INFO - Log start!
2016-12-12 03:43:12,988 - __main__ - INFO - get detail of order NO. 143
2016-12-12 03:43:12,993 - __main__ - INFO - get detail of order NO. 149
2016-12-12 03:43:12,997 - __main__ - INFO - get detail of order NO. 148
2016-12-12 03:43:12,999 - __main__ - INFO - get detail of order NO. 142
2016-12-12 03:43:13,001 - __main__ - INFO - get detail of order NO. 141
2016-12-12 03:43:13,004 - __main__ - INFO - get detail of order NO. 140
2016-12-12 03:43:13,024 - __main__ - INFO - get detail of order NO. 147
2016-12-12 03:43:13,027 - __main__ - INFO - get detail of order NO. 139
2016-12-12 03:43:13,029 - __main__ - INFO - get detail of order NO. 146
2016-12-12 03:43:13,031 - __main__ - INFO - get detail of order NO. 145
2016-12-12 03:43:13,033 - __main__ - INFO - get detail of order NO. 144
2016-12-12 03:43:13,035 - __main__ - INFO - get detail of order NO. 138
2016-12-12 03:44:12,324 - __main__ - INFO - Log start!
2016-12-12 03:44:14,076 - __main__ - INFO - get detail of order NO. 143
2016-12-12 03:44:14,081 - __main__ - INFO - get detail of order NO. 149
2016-12-12 03:44:14,084 - __main__ - INFO - get detail of order NO. 148
2016-12-12 03:44:14,086 - __main__ - INFO - get detail of order NO. 142
2016-12-12 03:44:14,089 - __main__ - INFO - get detail of order NO. 141
2016-12-12 03:44:14,092 - __main__ - INFO - get detail of order NO. 140
2016-12-12 03:44:14,111 - __main__ - INFO - get detail of order NO. 147
2016-12-12 03:44:14,114 - __main__ - INFO - get detail of order NO. 139
2016-12-12 03:44:14,117 - __main__ - INFO - get detail of order NO. 146
2016-12-12 03:44:14,119 - __main__ - INFO - get detail of order NO. 145
2016-12-12 03:44:14,122 - __main__ - INFO - get detail of order NO. 144
2016-12-12 03:44:14,124 - __main__ - INFO - get detail of order NO. 138
2016-12-12 03:44:27,925 - __main__ - INFO - Log start!
2016-12-12 03:44:30,318 - __main__ - INFO - get detail of order NO. 143
2016-12-12 03:44:30,323 - __main__ - INFO - get detail of order NO. 149
2016-12-12 03:44:30,326 - __main__ - INFO - get detail of order NO. 148
2016-12-12 03:44:30,328 - __main__ - INFO - get detail of order NO. 142
2016-12-12 03:44:30,330 - __main__ - INFO - get detail of order NO. 141
2016-12-12 03:44:30,334 - __main__ - INFO - get detail of order NO. 140
2016-12-12 03:44:30,352 - __main__ - INFO - get detail of order NO. 147
2016-12-12 03:44:30,356 - __main__ - INFO - get detail of order NO. 139
2016-12-12 03:44:30,358 - __main__ - INFO - get detail of order NO. 146
2016-12-12 03:44:30,361 - __main__ - INFO - get detail of order NO. 145
2016-12-12 03:44:30,363 - __main__ - INFO - get detail of order NO. 144
2016-12-12 03:44:30,365 - __main__ - INFO - get detail of order NO. 138
2016-12-12 03:44:46,591 - __main__ - INFO - Log start!
2016-12-12 03:44:48,384 - __main__ - INFO - get detail of order NO. 143
2016-12-12 03:44:48,389 - __main__ - INFO - get detail of order NO. 149
2016-12-12 03:44:48,393 - __main__ - INFO - get detail of order NO. 148
2016-12-12 03:44:48,395 - __main__ - INFO - get detail of order NO. 142
2016-12-12 03:44:48,397 - __main__ - INFO - get detail of order NO. 141
2016-12-12 03:44:48,401 - __main__ - INFO - get detail of order NO. 140
2016-12-12 03:44:48,420 - __main__ - INFO - get detail of order NO. 147
2016-12-12 03:44:48,424 - __main__ - INFO - get detail of order NO. 139
2016-12-12 03:44:48,426 - __main__ - INFO - get detail of order NO. 146
2016-12-12 03:44:48,428 - __main__ - INFO - get detail of order NO. 145
2016-12-12 03:44:48,430 - __main__ - INFO - get detail of order NO. 144
2016-12-12 03:44:48,432 - __main__ - INFO - get detail of order NO. 138
2016-12-12 03:45:03,029 - __main__ - INFO - get detail of order NO. 150
2016-12-12 03:45:04,170 - __main__ - INFO - get detail of order NO. 143
2016-12-12 03:45:04,174 - __main__ - INFO - get detail of order NO. 150
2016-12-12 03:45:04,176 - __main__ - INFO - get detail of order NO. 149
2016-12-12 03:45:04,180 - __main__ - INFO - get detail of order NO. 148
2016-12-12 03:45:04,182 - __main__ - INFO - get detail of order NO. 142
2016-12-12 03:45:04,185 - __main__ - INFO - get detail of order NO. 141
2016-12-12 03:45:04,189 - __main__ - INFO - get detail of order NO. 140
2016-12-12 03:45:04,208 - __main__ - INFO - get detail of order NO. 147
2016-12-12 03:45:04,212 - __main__ - INFO - get detail of order NO. 139
2016-12-12 03:45:04,215 - __main__ - INFO - get detail of order NO. 146
2016-12-12 03:45:04,217 - __main__ - INFO - get detail of order NO. 145
2016-12-12 03:45:04,219 - __main__ - INFO - get detail of order NO. 144
2016-12-12 03:45:04,222 - __main__ - INFO - get detail of order NO. 138
2016-12-12 03:45:23,352 - __main__ - INFO - Log start!
2016-12-12 03:45:37,787 - __main__ - INFO - get detail of order NO. 150
2016-12-12 03:45:39,086 - __main__ - INFO - get detail of order NO. 143
2016-12-12 03:45:39,091 - __main__ - INFO - get detail of order NO. 150
2016-12-12 03:45:39,093 - __main__ - INFO - get detail of order NO. 149
2016-12-12 03:45:39,097 - __main__ - INFO - get detail of order NO. 148
2016-12-12 03:45:39,099 - __main__ - INFO - get detail of order NO. 142
2016-12-12 03:45:39,101 - __main__ - INFO - get detail of order NO. 141
2016-12-12 03:45:39,106 - __main__ - INFO - get detail of order NO. 140
2016-12-12 03:45:39,127 - __main__ - INFO - get detail of order NO. 147
2016-12-12 03:45:39,131 - __main__ - INFO - get detail of order NO. 139
2016-12-12 03:45:39,133 - __main__ - INFO - get detail of order NO. 146
2016-12-12 03:45:39,135 - __main__ - INFO - get detail of order NO. 145
2016-12-12 03:45:39,137 - __main__ - INFO - get detail of order NO. 144
2016-12-12 03:45:39,141 - __main__ - INFO - get detail of order NO. 138
2016-12-12 03:45:48,568 - __main__ - INFO - get detail of order NO. 143
2016-12-12 03:45:48,573 - __main__ - INFO - get detail of order NO. 150
2016-12-12 03:45:48,575 - __main__ - INFO - get detail of order NO. 149
2016-12-12 03:45:48,579 - __main__ - INFO - get detail of order NO. 148
2016-12-12 03:45:48,581 - __main__ - INFO - get detail of order NO. 142
2016-12-12 03:45:48,584 - __main__ - INFO - get detail of order NO. 141
2016-12-12 03:45:48,588 - __main__ - INFO - get detail of order NO. 140
2016-12-12 03:45:48,605 - __main__ - INFO - get detail of order NO. 147
2016-12-12 03:45:48,609 - __main__ - INFO - get detail of order NO. 139
2016-12-12 03:45:48,611 - __main__ - INFO - get detail of order NO. 146
2016-12-12 03:45:48,613 - __main__ - INFO - get detail of order NO. 145
2016-12-12 03:45:48,615 - __main__ - INFO - get detail of order NO. 144
2016-12-12 03:45:48,618 - __main__ - INFO - get detail of order NO. 138
2016-12-12 03:46:21,266 - __main__ - INFO - Log start!
2016-12-12 03:46:24,839 - __main__ - INFO - get detail of order NO. 143
2016-12-12 03:46:24,844 - __main__ - INFO - get detail of order NO. 150
2016-12-12 03:46:24,847 - __main__ - INFO - get detail of order NO. 149
2016-12-12 03:46:24,851 - __main__ - INFO - get detail of order NO. 148
2016-12-12 03:46:24,854 - __main__ - INFO - get detail of order NO. 142
2016-12-12 03:46:24,856 - __main__ - INFO - get detail of order NO. 141
2016-12-12 03:46:24,860 - __main__ - INFO - get detail of order NO. 140
2016-12-12 03:46:24,880 - __main__ - INFO - get detail of order NO. 147
2016-12-12 03:46:24,883 - __main__ - INFO - get detail of order NO. 139
2016-12-12 03:46:24,885 - __main__ - INFO - get detail of order NO. 146
2016-12-12 03:46:24,888 - __main__ - INFO - get detail of order NO. 145
2016-12-12 03:46:24,891 - __main__ - INFO - get detail of order NO. 144
2016-12-12 03:46:24,893 - __main__ - INFO - get detail of order NO. 138
2016-12-12 03:47:10,145 - __main__ - INFO - Log start!
2016-12-12 03:47:11,026 - __main__ - INFO - get detail of order NO. 143
2016-12-12 03:47:11,030 - __main__ - INFO - get detail of order NO. 150
2016-12-12 03:47:11,033 - __main__ - INFO - get detail of order NO. 149
2016-12-12 03:47:11,036 - __main__ - INFO - get detail of order NO. 148
2016-12-12 03:47:11,038 - __main__ - INFO - get detail of order NO. 142
2016-12-12 03:47:11,040 - __main__ - INFO - get detail of order NO. 141
2016-12-12 03:47:11,043 - __main__ - INFO - get detail of order NO. 140
2016-12-12 03:47:11,062 - __main__ - INFO - get detail of order NO. 147
2016-12-12 03:47:11,065 - __main__ - INFO - get detail of order NO. 139
2016-12-12 03:47:11,067 - __main__ - INFO - get detail of order NO. 146
2016-12-12 03:47:11,069 - __main__ - INFO - get detail of order NO. 145
2016-12-12 03:47:11,071 - __main__ - INFO - get detail of order NO. 144
2016-12-12 03:47:11,074 - __main__ - INFO - get detail of order NO. 138
2016-12-12 03:48:23,196 - __main__ - INFO - Log start!
2016-12-12 03:48:27,424 - __main__ - INFO - get detail of order NO. 143
2016-12-12 03:48:27,428 - __main__ - INFO - get detail of order NO. 150
2016-12-12 03:48:27,431 - __main__ - INFO - get detail of order NO. 149
2016-12-12 03:48:27,434 - __main__ - INFO - get detail of order NO. 148
2016-12-12 03:48:27,436 - __main__ - INFO - get detail of order NO. 142
2016-12-12 03:48:27,438 - __main__ - INFO - get detail of order NO. 141
2016-12-12 03:48:27,441 - __main__ - INFO - get detail of order NO. 140
2016-12-12 03:48:27,459 - __main__ - INFO - get detail of order NO. 147
2016-12-12 03:48:27,462 - __main__ - INFO - get detail of order NO. 139
2016-12-12 03:48:27,465 - __main__ - INFO - get detail of order NO. 146
2016-12-12 03:48:27,467 - __main__ - INFO - get detail of order NO. 145
2016-12-12 03:48:27,469 - __main__ - INFO - get detail of order NO. 144
2016-12-12 03:48:27,471 - __main__ - INFO - get detail of order NO. 138
2016-12-12 03:48:45,859 - __main__ - INFO - Log start!
2016-12-12 03:48:47,367 - __main__ - INFO - Log start!
2016-12-12 03:48:49,002 - __main__ - INFO - get detail of order NO. 143
2016-12-12 03:48:49,007 - __main__ - INFO - get detail of order NO. 150
2016-12-12 03:48:49,009 - __main__ - INFO - get detail of order NO. 149
2016-12-12 03:48:49,013 - __main__ - INFO - get detail of order NO. 148
2016-12-12 03:48:49,015 - __main__ - INFO - get detail of order NO. 142
2016-12-12 03:48:49,018 - __main__ - INFO - get detail of order NO. 141
2016-12-12 03:48:49,021 - __main__ - INFO - get detail of order NO. 140
2016-12-12 03:48:49,040 - __main__ - INFO - get detail of order NO. 147
2016-12-12 03:48:49,043 - __main__ - INFO - get detail of order NO. 139
2016-12-12 03:48:49,046 - __main__ - INFO - get detail of order NO. 146
2016-12-12 03:48:49,048 - __main__ - INFO - get detail of order NO. 145
2016-12-12 03:48:49,051 - __main__ - INFO - get detail of order NO. 144
2016-12-12 03:48:49,053 - __main__ - INFO - get detail of order NO. 138
2016-12-12 03:48:50,543 - __main__ - INFO - get detail of order NO. 143
2016-12-12 03:48:50,548 - __main__ - INFO - get detail of order NO. 150
2016-12-12 03:48:50,550 - __main__ - INFO - get detail of order NO. 149
2016-12-12 03:48:50,553 - __main__ - INFO - get detail of order NO. 148
2016-12-12 03:48:50,556 - __main__ - INFO - get detail of order NO. 142
2016-12-12 03:48:50,558 - __main__ - INFO - get detail of order NO. 141
2016-12-12 03:48:50,562 - __main__ - INFO - get detail of order NO. 140
2016-12-12 03:48:50,579 - __main__ - INFO - get detail of order NO. 147
2016-12-12 03:48:50,582 - __main__ - INFO - get detail of order NO. 139
2016-12-12 03:48:50,585 - __main__ - INFO - get detail of order NO. 146
2016-12-12 03:48:50,587 - __main__ - INFO - get detail of order NO. 145
2016-12-12 03:48:50,589 - __main__ - INFO - get detail of order NO. 144
2016-12-12 03:48:50,591 - __main__ - INFO - get detail of order NO. 138
2016-12-12 03:48:51,998 - __main__ - INFO - get detail of order NO. 143
2016-12-12 03:48:52,002 - __main__ - INFO - get detail of order NO. 150
2016-12-12 03:48:52,004 - __main__ - INFO - get detail of order NO. 149
2016-12-12 03:48:52,007 - __main__ - INFO - get detail of order NO. 148
2016-12-12 03:48:52,010 - __main__ - INFO - get detail of order NO. 142
2016-12-12 03:48:52,013 - __main__ - INFO - get detail of order NO. 141
2016-12-12 03:48:52,018 - __main__ - INFO - get detail of order NO. 140
2016-12-12 03:48:52,057 - __main__ - INFO - get detail of order NO. 147
2016-12-12 03:48:52,062 - __main__ - INFO - get detail of order NO. 139
2016-12-12 03:48:52,064 - __main__ - INFO - get detail of order NO. 146
2016-12-12 03:48:52,066 - __main__ - INFO - get detail of order NO. 145
2016-12-12 03:48:52,069 - __main__ - INFO - get detail of order NO. 144
2016-12-12 03:48:52,071 - __main__ - INFO - get detail of order NO. 138
2016-12-12 03:48:52,616 - __main__ - INFO - get detail of order NO. 143
2016-12-12 03:48:52,620 - __main__ - INFO - get detail of order NO. 150
2016-12-12 03:48:52,622 - __main__ - INFO - get detail of order NO. 149
2016-12-12 03:48:52,625 - __main__ - INFO - get detail of order NO. 148
2016-12-12 03:48:52,627 - __main__ - INFO - get detail of order NO. 142
2016-12-12 03:48:52,631 - __main__ - INFO - get detail of order NO. 141
2016-12-12 03:48:52,635 - __main__ - INFO - get detail of order NO. 140
2016-12-12 03:48:52,652 - __main__ - INFO - get detail of order NO. 147
2016-12-12 03:48:52,656 - __main__ - INFO - get detail of order NO. 139
2016-12-12 03:48:52,659 - __main__ - INFO - get detail of order NO. 146
2016-12-12 03:48:52,661 - __main__ - INFO - get detail of order NO. 145
2016-12-12 03:48:52,663 - __main__ - INFO - get detail of order NO. 144
2016-12-12 03:48:52,666 - __main__ - INFO - get detail of order NO. 138
2016-12-12 03:48:53,410 - __main__ - INFO - get detail of order NO. 143
2016-12-12 03:48:53,413 - __main__ - INFO - get detail of order NO. 150
2016-12-12 03:48:53,416 - __main__ - INFO - get detail of order NO. 149
2016-12-12 03:48:53,419 - __main__ - INFO - get detail of order NO. 148
2016-12-12 03:48:53,421 - __main__ - INFO - get detail of order NO. 142
2016-12-12 03:48:53,424 - __main__ - INFO - get detail of order NO. 141
2016-12-12 03:48:53,428 - __main__ - INFO - get detail of order NO. 140
2016-12-12 03:48:53,448 - __main__ - INFO - get detail of order NO. 147
2016-12-12 03:48:53,452 - __main__ - INFO - get detail of order NO. 139
2016-12-12 03:48:53,455 - __main__ - INFO - get detail of order NO. 146
2016-12-12 03:48:53,458 - __main__ - INFO - get detail of order NO. 145
2016-12-12 03:48:53,460 - __main__ - INFO - get detail of order NO. 144
2016-12-12 03:48:53,463 - __main__ - INFO - get detail of order NO. 138
2016-12-12 03:49:01,902 - __main__ - INFO - get detail of order NO. 151
2016-12-12 03:49:02,742 - __main__ - INFO - get detail of order NO. 143
2016-12-12 03:49:02,745 - __main__ - INFO - get detail of order NO. 151
2016-12-12 03:49:02,748 - __main__ - INFO - get detail of order NO. 150
2016-12-12 03:49:02,752 - __main__ - INFO - get detail of order NO. 149
2016-12-12 03:49:02,756 - __main__ - INFO - get detail of order NO. 148
2016-12-12 03:49:02,758 - __main__ - INFO - get detail of order NO. 142
2016-12-12 03:49:02,760 - __main__ - INFO - get detail of order NO. 141
2016-12-12 03:49:02,764 - __main__ - INFO - get detail of order NO. 140
2016-12-12 03:49:02,783 - __main__ - INFO - get detail of order NO. 147
2016-12-12 03:49:02,786 - __main__ - INFO - get detail of order NO. 139
2016-12-12 03:49:02,789 - __main__ - INFO - get detail of order NO. 146
2016-12-12 03:49:02,791 - __main__ - INFO - get detail of order NO. 145
2016-12-12 03:49:02,793 - __main__ - INFO - get detail of order NO. 144
2016-12-12 03:49:02,798 - __main__ - INFO - get detail of order NO. 138
2016-12-12 03:49:44,093 - __main__ - INFO - get detail of order NO. 143
2016-12-12 03:49:44,098 - __main__ - INFO - get detail of order NO. 151
2016-12-12 03:49:44,100 - __main__ - INFO - get detail of order NO. 150
2016-12-12 03:49:44,102 - __main__ - INFO - get detail of order NO. 149
2016-12-12 03:49:44,105 - __main__ - INFO - get detail of order NO. 148
2016-12-12 03:49:44,107 - __main__ - INFO - get detail of order NO. 142
2016-12-12 03:49:44,111 - __main__ - INFO - get detail of order NO. 141
2016-12-12 03:49:44,115 - __main__ - INFO - get detail of order NO. 140
2016-12-12 03:49:44,133 - __main__ - INFO - get detail of order NO. 147
2016-12-12 03:49:44,137 - __main__ - INFO - get detail of order NO. 139
2016-12-12 03:49:44,139 - __main__ - INFO - get detail of order NO. 146
2016-12-12 03:49:44,141 - __main__ - INFO - get detail of order NO. 145
2016-12-12 03:49:44,144 - __main__ - INFO - get detail of order NO. 144
2016-12-12 03:49:44,148 - __main__ - INFO - get detail of order NO. 138
2016-12-12 03:50:15,520 - __main__ - INFO - Log start!
2016-12-12 03:50:17,646 - __main__ - INFO - get detail of order NO. 143
2016-12-12 03:50:17,652 - __main__ - INFO - get detail of order NO. 151
2016-12-12 03:50:17,654 - __main__ - INFO - get detail of order NO. 150
2016-12-12 03:50:17,656 - __main__ - INFO - get detail of order NO. 149
2016-12-12 03:50:17,659 - __main__ - INFO - get detail of order NO. 148
2016-12-12 03:50:17,662 - __main__ - INFO - get detail of order NO. 142
2016-12-12 03:50:17,664 - __main__ - INFO - get detail of order NO. 141
2016-12-12 03:50:17,667 - __main__ - INFO - get detail of order NO. 140
2016-12-12 03:50:17,687 - __main__ - INFO - get detail of order NO. 147
2016-12-12 03:50:17,691 - __main__ - INFO - get detail of order NO. 139
2016-12-12 03:50:17,693 - __main__ - INFO - get detail of order NO. 146
2016-12-12 03:50:17,696 - __main__ - INFO - get detail of order NO. 145
2016-12-12 03:50:17,698 - __main__ - INFO - get detail of order NO. 144
2016-12-12 03:50:17,700 - __main__ - INFO - get detail of order NO. 138
2016-12-12 03:50:23,090 - __main__ - INFO - Log start!
2016-12-12 03:50:25,508 - __main__ - INFO - get detail of order NO. 143
2016-12-12 03:50:25,513 - __main__ - INFO - get detail of order NO. 151
2016-12-12 03:50:25,515 - __main__ - INFO - get detail of order NO. 150
2016-12-12 03:50:25,517 - __main__ - INFO - get detail of order NO. 149
2016-12-12 03:50:25,520 - __main__ - INFO - get detail of order NO. 148
2016-12-12 03:50:25,522 - __main__ - INFO - get detail of order NO. 142
2016-12-12 03:50:25,524 - __main__ - INFO - get detail of order NO. 141
2016-12-12 03:50:25,528 - __main__ - INFO - get detail of order NO. 140
2016-12-12 03:50:25,546 - __main__ - INFO - get detail of order NO. 147
2016-12-12 03:50:25,551 - __main__ - INFO - get detail of order NO. 139
2016-12-12 03:50:25,554 - __main__ - INFO - get detail of order NO. 146
2016-12-12 03:50:25,557 - __main__ - INFO - get detail of order NO. 145
2016-12-12 03:50:25,560 - __main__ - INFO - get detail of order NO. 144
2016-12-12 03:50:25,562 - __main__ - INFO - get detail of order NO. 138
2016-12-12 04:02:35,317 - __main__ - INFO - Log start!
2016-12-12 04:02:36,084 - __main__ - INFO - get detail of order NO. 143
2016-12-12 04:02:36,090 - __main__ - INFO - get detail of order NO. 151
2016-12-12 04:02:36,092 - __main__ - INFO - get detail of order NO. 150
2016-12-12 04:02:36,094 - __main__ - INFO - get detail of order NO. 149
2016-12-12 04:02:36,098 - __main__ - INFO - get detail of order NO. 148
2016-12-12 04:02:36,101 - __main__ - INFO - get detail of order NO. 142
2016-12-12 04:02:36,104 - __main__ - INFO - get detail of order NO. 141
2016-12-12 04:02:36,108 - __main__ - INFO - get detail of order NO. 140
2016-12-12 04:02:36,129 - __main__ - INFO - get detail of order NO. 147
2016-12-12 04:02:36,132 - __main__ - INFO - get detail of order NO. 139
2016-12-12 04:02:36,135 - __main__ - INFO - get detail of order NO. 146
2016-12-12 04:02:36,138 - __main__ - INFO - get detail of order NO. 145
2016-12-12 04:02:36,140 - __main__ - INFO - get detail of order NO. 144
2016-12-12 04:02:36,142 - __main__ - INFO - get detail of order NO. 138
2016-12-12 04:03:11,835 - __main__ - INFO - get detail of order NO. 143
2016-12-12 04:03:11,839 - __main__ - INFO - get detail of order NO. 151
2016-12-12 04:03:11,842 - __main__ - INFO - get detail of order NO. 150
2016-12-12 04:03:11,844 - __main__ - INFO - get detail of order NO. 149
2016-12-12 04:03:11,847 - __main__ - INFO - get detail of order NO. 148
2016-12-12 04:03:11,850 - __main__ - INFO - get detail of order NO. 142
2016-12-12 04:03:11,854 - __main__ - INFO - get detail of order NO. 141
2016-12-12 04:03:11,858 - __main__ - INFO - get detail of order NO. 140
2016-12-12 04:03:11,876 - __main__ - INFO - get detail of order NO. 147
2016-12-12 04:03:11,880 - __main__ - INFO - get detail of order NO. 139
2016-12-12 04:03:11,882 - __main__ - INFO - get detail of order NO. 146
2016-12-12 04:03:11,885 - __main__ - INFO - get detail of order NO. 145
2016-12-12 04:03:11,888 - __main__ - INFO - get detail of order NO. 144
2016-12-12 04:03:11,891 - __main__ - INFO - get detail of order NO. 138
2016-12-12 04:03:12,707 - __main__ - INFO - get detail of order NO. 143
2016-12-12 04:03:12,712 - __main__ - INFO - get detail of order NO. 151
2016-12-12 04:03:12,715 - __main__ - INFO - get detail of order NO. 150
2016-12-12 04:03:12,718 - __main__ - INFO - get detail of order NO. 149
2016-12-12 04:03:12,723 - __main__ - INFO - get detail of order NO. 148
2016-12-12 04:03:12,726 - __main__ - INFO - get detail of order NO. 142
2016-12-12 04:03:12,728 - __main__ - INFO - get detail of order NO. 141
2016-12-12 04:03:12,732 - __main__ - INFO - get detail of order NO. 140
2016-12-12 04:03:12,767 - __main__ - INFO - get detail of order NO. 147
2016-12-12 04:03:12,774 - __main__ - INFO - get detail of order NO. 139
2016-12-12 04:03:12,778 - __main__ - INFO - get detail of order NO. 146
2016-12-12 04:03:12,781 - __main__ - INFO - get detail of order NO. 145
2016-12-12 04:03:12,784 - __main__ - INFO - get detail of order NO. 144
2016-12-12 04:03:12,786 - __main__ - INFO - get detail of order NO. 138
2016-12-12 04:03:36,419 - __main__ - INFO - Log start!
2016-12-12 04:03:38,275 - __main__ - INFO - get detail of order NO. 143
2016-12-12 04:03:38,280 - __main__ - INFO - get detail of order NO. 151
2016-12-12 04:03:38,284 - __main__ - INFO - get detail of order NO. 150
2016-12-12 04:03:38,286 - __main__ - INFO - get detail of order NO. 149
2016-12-12 04:03:38,290 - __main__ - INFO - get detail of order NO. 148
2016-12-12 04:03:38,292 - __main__ - INFO - get detail of order NO. 142
2016-12-12 04:03:38,294 - __main__ - INFO - get detail of order NO. 141
2016-12-12 04:03:38,298 - __main__ - INFO - get detail of order NO. 140
2016-12-12 04:03:38,318 - __main__ - INFO - get detail of order NO. 147
2016-12-12 04:03:38,322 - __main__ - INFO - get detail of order NO. 139
2016-12-12 04:03:38,325 - __main__ - INFO - get detail of order NO. 146
2016-12-12 04:03:38,327 - __main__ - INFO - get detail of order NO. 145
2016-12-12 04:03:38,329 - __main__ - INFO - get detail of order NO. 144
2016-12-12 04:03:38,332 - __main__ - INFO - get detail of order NO. 138
2016-12-12 04:04:07,201 - __main__ - INFO - Log start!
2016-12-12 04:04:10,139 - __main__ - INFO - get detail of order NO. 143
2016-12-12 04:04:10,143 - __main__ - INFO - get detail of order NO. 151
2016-12-12 04:04:10,146 - __main__ - INFO - get detail of order NO. 150
2016-12-12 04:04:10,148 - __main__ - INFO - get detail of order NO. 149
2016-12-12 04:04:10,154 - __main__ - INFO - get detail of order NO. 148
2016-12-12 04:04:10,157 - __main__ - INFO - get detail of order NO. 142
2016-12-12 04:04:10,159 - __main__ - INFO - get detail of order NO. 141
2016-12-12 04:04:10,164 - __main__ - INFO - get detail of order NO. 140
2016-12-12 04:04:10,187 - __main__ - INFO - get detail of order NO. 147
2016-12-12 04:04:10,191 - __main__ - INFO - get detail of order NO. 139
2016-12-12 04:04:10,193 - __main__ - INFO - get detail of order NO. 146
2016-12-12 04:04:10,195 - __main__ - INFO - get detail of order NO. 145
2016-12-12 04:04:10,198 - __main__ - INFO - get detail of order NO. 144
2016-12-12 04:04:10,202 - __main__ - INFO - get detail of order NO. 138
2016-12-12 04:04:40,096 - __main__ - INFO - get detail of order NO. 143
2016-12-12 04:04:40,100 - __main__ - INFO - get detail of order NO. 151
2016-12-12 04:04:40,103 - __main__ - INFO - get detail of order NO. 150
2016-12-12 04:04:40,109 - __main__ - INFO - get detail of order NO. 149
2016-12-12 04:04:40,113 - __main__ - INFO - get detail of order NO. 148
2016-12-12 04:04:40,117 - __main__ - INFO - get detail of order NO. 142
2016-12-12 04:04:40,119 - __main__ - INFO - get detail of order NO. 141
2016-12-12 04:04:40,123 - __main__ - INFO - get detail of order NO. 140
2016-12-12 04:04:40,143 - __main__ - INFO - get detail of order NO. 147
2016-12-12 04:04:40,148 - __main__ - INFO - get detail of order NO. 139
2016-12-12 04:04:40,152 - __main__ - INFO - get detail of order NO. 146
2016-12-12 04:04:40,155 - __main__ - INFO - get detail of order NO. 145
2016-12-12 04:04:40,158 - __main__ - INFO - get detail of order NO. 144
2016-12-12 04:04:40,161 - __main__ - INFO - get detail of order NO. 138
2016-12-12 04:06:26,822 - __main__ - INFO - Log start!
2016-12-12 04:06:28,509 - __main__ - INFO - get detail of order NO. 151
2016-12-12 04:06:28,513 - __main__ - INFO - get detail of order NO. 150
2016-12-12 04:06:28,515 - __main__ - INFO - get detail of order NO. 149
2016-12-12 04:06:28,519 - __main__ - INFO - get detail of order NO. 148
2016-12-12 04:06:28,522 - __main__ - INFO - get detail of order NO. 147
2016-12-12 04:06:28,524 - __main__ - INFO - get detail of order NO. 146
2016-12-12 04:06:28,527 - __main__ - INFO - get detail of order NO. 145
2016-12-12 04:06:28,530 - __main__ - INFO - get detail of order NO. 144
2016-12-12 04:06:28,533 - __main__ - INFO - get detail of order NO. 143
2016-12-12 04:06:28,537 - __main__ - INFO - get detail of order NO. 142
2016-12-12 04:06:28,540 - __main__ - INFO - get detail of order NO. 141
2016-12-12 04:06:28,545 - __main__ - INFO - get detail of order NO. 140
2016-12-12 04:06:28,565 - __main__ - INFO - get detail of order NO. 139
2016-12-12 04:06:28,568 - __main__ - INFO - get detail of order NO. 138
2016-12-12 04:06:39,452 - __main__ - INFO - Log start!
2016-12-12 04:06:44,878 - __main__ - INFO - get detail of order NO. 152
2016-12-12 04:06:50,093 - __main__ - INFO - get detail of order NO. 152
2016-12-12 04:06:52,226 - __main__ - INFO - get detail of order NO. 152
2016-12-12 04:06:52,230 - __main__ - INFO - get detail of order NO. 151
2016-12-12 04:06:52,233 - __main__ - INFO - get detail of order NO. 150
2016-12-12 04:06:52,235 - __main__ - INFO - get detail of order NO. 149
2016-12-12 04:06:52,238 - __main__ - INFO - get detail of order NO. 148
2016-12-12 04:06:52,241 - __main__ - INFO - get detail of order NO. 147
2016-12-12 04:06:52,244 - __main__ - INFO - get detail of order NO. 146
2016-12-12 04:06:52,247 - __main__ - INFO - get detail of order NO. 145
2016-12-12 04:06:52,249 - __main__ - INFO - get detail of order NO. 144
2016-12-12 04:06:52,252 - __main__ - INFO - get detail of order NO. 143
2016-12-12 04:06:52,255 - __main__ - INFO - get detail of order NO. 142
2016-12-12 04:06:52,257 - __main__ - INFO - get detail of order NO. 141
2016-12-12 04:06:52,262 - __main__ - INFO - get detail of order NO. 140
2016-12-12 04:06:52,282 - __main__ - INFO - get detail of order NO. 139
2016-12-12 04:06:52,285 - __main__ - INFO - get detail of order NO. 138
2016-12-15 22:22:31,865 - server - INFO - Log start!
2016-12-15 22:24:15,565 - server - INFO - Log start!
2016-12-15 22:24:15,865 - server - INFO - login success with user name: test_cancel, password: 12345
2016-12-15 22:24:15,898 - server - INFO - register success with used name: test_forgot_password
2016-12-15 22:24:15,913 - server - INFO - modify password fail with user name: test_r, password: 123456
2016-12-15 22:24:15,913 - server - INFO - login fail with user name: test_register, password: 12345
2016-12-15 22:24:15,928 - server - INFO - login success with user name: test_order_details, password: 12345
2016-12-15 22:24:15,950 - server - INFO - login success with user name: test_submit_order, password: 12345
2016-12-15 22:26:22,825 - server - INFO - Log start!
2016-12-15 22:26:22,943 - server - INFO - login success with user name: test_cancel, password: 12345
2016-12-15 22:26:22,963 - server - INFO - modify password fail with user name: test_r, password: 123456
2016-12-15 22:26:22,979 - server - INFO - login fail with user name: test_register, password: 12345
2016-12-15 22:26:22,979 - server - INFO - login success with user name: test_order_details, password: 12345
2016-12-15 22:26:23,009 - server - INFO - login success with user name: test_submit_order, password: 12345
2016-12-15 22:38:43,197 - server - INFO - Log start!
2016-12-15 22:38:43,256 - server - INFO - login success with user name: test_cancel, password: 12345
2016-12-15 22:38:43,289 - server - INFO - modify password fail with user name: test_r, password: 123456
2016-12-15 22:38:43,303 - server - INFO - login fail with user name: test_register, password: 12345
2016-12-15 22:38:43,319 - server - INFO - login success with user name: test_order_details, password: 12345
2016-12-15 22:38:43,341 - server - INFO - login success with user name: test_submit_order, password: 12345
2016-12-15 22:40:03,653 - server - INFO - Log start!
2016-12-15 22:40:03,714 - server - INFO - register success with used name: test_cancel
2016-12-15 22:40:03,730 - server - INFO - login success with user name: test_cancel, password: 12345
2016-12-15 22:40:05,486 - server - INFO - get detail of order NO. 125
2016-12-15 22:40:05,517 - server - INFO - get detail of order NO. 125
2016-12-15 22:40:05,552 - server - INFO - register success with used name: test_forgot_password
2016-12-15 22:40:05,555 - server - INFO - modify password fail with user name: test_r, password: 123456
2016-12-15 22:40:05,571 - server - INFO - register success with used name: test_register
2016-12-15 22:40:05,571 - server - INFO - login success with user name: test_register, password: 12345
2016-12-15 22:40:05,586 - server - INFO - register success with used name: test_order_details
2016-12-15 22:40:05,602 - server - INFO - login success with user name: test_order_details, password: 12345
2016-12-15 22:40:06,663 - server - INFO - get detail of order NO. 126
2016-12-15 22:40:06,686 - server - INFO - get detail of order NO. 1
2016-12-15 22:40:06,717 - server - INFO - register success with used name: test_submit_order
2016-12-15 22:40:06,732 - server - INFO - login success with user name: test_submit_order, password: 12345
2016-12-15 22:40:07,786 - server - INFO - get detail of order NO. 127
2016-12-15 22:41:18,203 - server - INFO - Log start!
2016-12-15 22:41:18,280 - server - INFO - login success with user name: test_cancel, password: 12345
2016-12-15 22:41:18,301 - server - INFO - get detail of order NO. 125
2016-12-15 22:41:19,400 - server - INFO - get detail of order NO. 128
2016-12-15 22:41:19,420 - server - INFO - get detail of order NO. 128
2016-12-15 22:41:19,420 - server - INFO - get detail of order NO. 125
2016-12-15 22:41:19,434 - server - INFO - modify password fail with user name: test_r, password: 123456
2016-12-15 22:41:19,450 - server - INFO - login success with user name: test_register, password: 12345
2016-12-15 22:41:19,450 - server - INFO - uid: 26 logout
2016-12-15 22:41:19,450 - server - INFO - login fail with user name: test, password: 123
2016-12-15 22:41:19,467 - server - INFO - login success with user name: test_order_details, password: 12345
2016-12-15 22:41:19,482 - server - INFO - get detail of order NO. 126
2016-12-15 22:41:20,543 - server - INFO - get detail of order NO. 129
2016-12-15 22:41:20,559 - server - INFO - get detail of order NO. 1
2016-12-15 22:41:20,591 - server - INFO - login success with user name: test_submit_order, password: 12345
2016-12-15 22:41:20,612 - server - INFO - get detail of order NO. 127
2016-12-15 22:41:21,667 - server - INFO - get detail of order NO. 130
2016-12-15 22:44:21,871 - server - INFO - Log start!
2016-12-15 22:44:21,953 - server - INFO - login success with user name: test_cancel, password: 12345
2016-12-15 22:44:21,954 - server - INFO - get detail of order NO. 128
2016-12-15 22:44:21,954 - server - INFO - get detail of order NO. 125
2016-12-15 22:44:23,108 - server - INFO - get detail of order NO. 131
2016-12-15 22:44:23,140 - server - INFO - get detail of order NO. 131
2016-12-15 22:44:23,140 - server - INFO - get detail of order NO. 128
2016-12-15 22:44:23,140 - server - INFO - get detail of order NO. 125
2016-12-15 22:44:23,161 - server - INFO - modify password fail with user name: test_r, password: 123456
2016-12-15 22:44:23,161 - server - INFO - login success with user name: test_register, password: 12345
2016-12-15 22:44:23,177 - server - INFO - uid: 26 logout
2016-12-15 22:44:23,177 - server - INFO - login fail with user name: test, password: 123
2016-12-15 22:44:23,193 - server - INFO - login success with user name: test_order_details, password: 12345
2016-12-15 22:44:23,193 - server - INFO - get detail of order NO. 129
2016-12-15 22:44:23,209 - server - INFO - get detail of order NO. 126
2016-12-15 22:44:24,263 - server - INFO - get detail of order NO. 132
2016-12-15 22:44:24,279 - server - INFO - get detail of order NO. 1
2016-12-15 22:44:24,325 - server - INFO - login success with user name: test_submit_order, password: 12345
2016-12-15 22:44:24,341 - server - INFO - get detail of order NO. 130
2016-12-15 22:44:24,341 - server - INFO - get detail of order NO. 127
2016-12-15 22:44:25,400 - server - INFO - get detail of order NO. 133
2016-12-15 22:46:03,805 - server - INFO - Log start!
2016-12-15 22:46:03,875 - server - INFO - login success with user name: test_cancel, password: 12345
2016-12-15 22:46:03,891 - server - INFO - get detail of order NO. 131
2016-12-15 22:46:03,891 - server - INFO - get detail of order NO. 128
2016-12-15 22:46:03,891 - server - INFO - get detail of order NO. 125
2016-12-15 22:46:05,010 - server - INFO - get detail of order NO. 134
2016-12-15 22:46:05,026 - server - INFO - get detail of order NO. 134
2016-12-15 22:46:05,042 - server - INFO - get detail of order NO. 131
2016-12-15 22:46:05,042 - server - INFO - get detail of order NO. 128
2016-12-15 22:46:05,042 - server - INFO - get detail of order NO. 125
2016-12-15 22:46:05,062 - server - INFO - modify password fail with user name: test_r, password: 123456
2016-12-15 22:46:05,079 - server - INFO - login success with user name: test_register, password: 12345
2016-12-15 22:46:05,079 - server - INFO - uid: 26 logout
2016-12-15 22:46:05,095 - server - INFO - login fail with user name: test, password: 123
2016-12-15 22:46:05,095 - server - INFO - login success with user name: test_order_details, password: 12345
2016-12-15 22:46:05,111 - server - INFO - get detail of order NO. 132
2016-12-15 22:46:05,111 - server - INFO - get detail of order NO. 129
2016-12-15 22:46:05,111 - server - INFO - get detail of order NO. 126
2016-12-15 22:46:06,180 - server - INFO - get detail of order NO. 135
2016-12-15 22:46:06,196 - server - INFO - get detail of order NO. 1
2016-12-15 22:46:06,226 - server - INFO - login success with user name: test_submit_order, password: 12345
2016-12-15 22:46:06,243 - server - INFO - get detail of order NO. 133
2016-12-15 22:46:06,243 - server - INFO - get detail of order NO. 130
2016-12-15 22:46:06,243 - server - INFO - get detail of order NO. 127
2016-12-15 22:46:07,312 - server - INFO - get detail of order NO. 136
